8883_8858_1570475162_This would be done in half the python code!
8858_8883_1570475160_Tsoker
8906_8883_1570475154_When The Sun Goes Down
8906_8858_1570475164_Supersonic
8883_8858_1570475216_This would be done in half the python code!
8858_8906_1570475194_TwoFace
8858_8883_1570475216_Chase a bag never chase a woman
8906_8858_1570475207_When The Sun Goes Down
8906_8883_1570475222_Supersonic
8883_8906_1570475260_Si tu novio te deja sola.
8858_8883_1570475242_GC Joker
8858_8906_1570475280_Reggaeton Ambassador
8906_8858_1570475252_Morning Glory
8906_8883_1570475270_Butcher's Blues
8906_8858_1570475283_Do I Wanna Know
8883_8858_1570475319_Java is the best programming language
8858_8906_1570475317_Citizen Erased
8858_8906_1570475345_Chase a bag never chase a woman
8906_8883_1570475321_Supersonic
8906_8858_1570475331_When The Sun Goes Down
8883_8906_1570475373_Today is a great day!
8858_8883_1570475377_Tsoker
8858_8906_1570475401_Citizen Erased
8883_8906_1570475407_Today is a great day!
8906_8858_1570475372_Do I Wanna Know
8906_8883_1570475392_Electricity
8883_8858_1570475433_Me lo pide sin gorrito.
8858_8906_1570475421_Knights of Cydonia
8858_8906_1570475457_Citizen Erased
8906_8883_1570475430_When The Sun Goes Down
8906_8883_1570475447_Morning Glory
8906_8883_1570475459_When The Sun Goes Down
8883_8858_1570475471_Today is a great day!
8883_8858_1570475504_Me pongo rolex como si fueran Casio.
8858_8883_1570475483_GC Joker
8858_8883_1570475513_Tsoker
8906_8883_1570475499_Supersonic
8906_8883_1570475513_When The Sun Goes Down
8883_8906_1570475540_Si tu novio te deja sola.
8883_8906_1570475578_Reggaeton is the best musical genre.
8858_8883_1570475535_And here. We. Go.
8858_8883_1570475558_Chase a bag never chase a woman
8858_8906_1570475589_Hoodoo
8906_8858_1570475544_Electricity
8906_8883_1570475559_Wasted
8906_8883_1570475570_Do I Wanna Know
8883_8858_1570475628_Java is the best programming language
8858_8883_1570475611_TwoFace
8858_8906_1570475649_TwoFace
8906_8883_1570475608_Wasted
8906_8883_1570475621_Morning Glory
8906_8883_1570475639_Butcher's Blues
8883_8858_1570475684_Si tu novio te deja sola.
8858_8883_1570475682_TwoFace
8906_8858_1570475671_R U MINE
8906_8858_1570475686_When The Sun Goes Down
8906_8858_1570475696_Supersonic
8883_8858_1570475734_Today is a great day!
8883_8858_1570475764_Eat clen tren hard test your limits.
8858_8906_1570475715_TwoFace
8858_8906_1570475749_Hey Little Apple Blossom
8906_8883_1570475739_When The Sun Goes Down
8906_8883_1570475751_Morning Glory
8906_8858_1570475769_Don't Forget Whose Legs You're On
8883_8858_1570475798_I hate threads.
8883_8858_1570475822_Me lo pide sin gorrito.
8858_8906_1570475781_Hoodoo
8858_8883_1570475818_Reggaeton Ambassador
8906_8883_1570475797_Don't Forget Whose Legs You're On
8906_8883_1570475821_Morning Glory
8883_8858_1570475879_This would be done in half the python code!
8858_8906_1570475838_Carpeino Diemino
8858_8906_1570475860_GC Joker
8906_8858_1570475851_When The Sun Goes Down
8906_8883_1570475873_Electricity
8883_8858_1570475899_Si tu novio te deja sola.
8883_8858_1570475933_Eat clen tren hard test your limits.
8858_8883_1570475912_TwoFace
8858_8906_1570475936_Hoodoo
8906_8883_1570475909_R U MINE
8906_8858_1570475931_Butcher's Blues
8906_8883_1570475944_When The Sun Goes Down
8883_8906_1570475961_Java is the best programming language
8858_8906_1570475969_And here. We. Go.
8858_8883_1570475995_Knights of Cydonia
8906_8883_1570475988_Butcher's Blues
8906_8858_1570476002_Butcher's Blues
8883_8858_1570476017_Me lo pide sin gorrito.
8883_8858_1570476058_Wanna go to the gym?
8858_8883_1570476027_Stockholm Syndrome
8858_8883_1570476057_And here. We. Go.
8906_8883_1570476038_Butcher's Blues
8906_8883_1570476056_Don't Forget Whose Legs You're On
8906_8883_1570476069_Don't Forget Whose Legs You're On
8883_8858_1570476105_Today is a great day!
8858_8906_1570476087_Hey Little Apple Blossom
8858_8906_1570476119_Knights of Cydonia
8883_8906_1570476130_Eat clen tren hard test your limits.
8906_8858_1570476116_Supersonic
8883_8906_1570476181_Fancy grabbing a drink later?
8858_8906_1570476155_And here. We. Go.
8858_8906_1570476189_GC Joker
8906_8858_1570476155_Supersonic
8906_8858_1570476177_Wasted
8906_8858_1570476190_Supersonic
8883_8906_1570476204_Reggaeton is the best musical genre.
8858_8883_1570476212_Reggaeton Ambassador
8858_8883_1570476238_Citizen Erased
8906_8858_1570476216_When The Sun Goes Down
8906_8883_1570476231_R U MINE
8906_8858_1570476249_Supersonic
8883_8906_1570476253_Java is the best programming language
8883_8906_1570476290_Eat clen tren hard test your limits.
8858_8883_1570476263_Knights of Cydonia
8858_8906_1570476286_Stockholm Syndrome
8858_8883_1570476310_And here. We. Go.
8906_8858_1570476278_Butcher's Blues
8906_8883_1570476302_R U MINE
8883_8858_1570476339_Reggaeton is the best musical genre.
8858_8906_1570476336_Knights of Cydonia
8858_8906_1570476369_Citizen Erased
8906_8858_1570476335_Do I Wanna Know
8906_8858_1570476352_When The Sun Goes Down
8906_8858_1570476365_Morning Glory
8883_8858_1570476384_Fancy grabbing a drink later?
8883_8906_1570476411_I hate threads.
8858_8883_1570476398_Reggaeton Ambassador
8858_8906_1570476418_Hey Little Apple Blossom
8906_8883_1570476407_When The Sun Goes Down
8906_8858_1570476430_Don't Forget Whose Legs You're On
8883_8906_1570476444_Compound lifts are better than isolation.
8858_8883_1570476454_Stockholm Syndrome
8858_8883_1570476484_Hoodoo
8906_8883_1570476462_Wasted
8906_8883_1570476474_Butcher's Blues
8883_8906_1570476494_Java is the best programming language
8883_8858_1570476527_This would be done in half the python code!
8858_8883_1570476512_Hey Little Apple Blossom
8858_8883_1570476539_Chase a bag never chase a woman
8906_8858_1570476520_When The Sun Goes Down
8906_8858_1570476544_When The Sun Goes Down
8883_8858_1570476587_Si tu novio te deja sola.
8883_8906_1570476608_Eat clen tren hard test your limits.
8858_8906_1570476569_Citizen Erased
8858_8906_1570476603_Chase a bag never chase a woman
8906_8883_1570476584_Morning Glory
8906_8858_1570476604_Butcher's Blues
8883_8858_1570476659_Si tu novio te deja sola.
8858_8883_1570476636_Stockholm Syndrome
8858_8883_1570476667_Reggaeton Ambassador
8906_8883_1570476637_Electricity
8906_8858_1570476648_Supersonic
8906_8858_1570476665_Electricity
8883_8906_1570476703_Compound lifts are better than isolation.
8858_8883_1570476693_Hoodoo
8858_8906_1570476714_Carpeino Diemino
8906_8858_1570476704_Morning Glory
8906_8883_1570476722_Do I Wanna Know
8883_8858_1570476757_Java is the best programming language
8883_8906_1570476778_Reggaeton is the best musical genre.
8858_8883_1570476742_GC Joker
8858_8883_1570476771_Knights of Cydonia
8906_8883_1570476754_When The Sun Goes Down
8906_8883_1570476778_Don't Forget Whose Legs You're On
8883_8906_1570476819_Fancy grabbing a drink later?
8883_8906_1570476844_Fancy grabbing a drink later?
8858_8883_1570476801_Chase a bag never chase a woman
8858_8883_1570476832_Reggaeton Ambassador
8906_8858_1570476810_Electricity
8906_8858_1570476828_Don't Forget Whose Legs You're On
8906_8883_1570476847_R U MINE
8883_8906_1570476894_Eat clen tren hard test your limits.
8858_8883_1570476862_And here. We. Go.
8858_8906_1570476887_Knights of Cydonia
8858_8883_1570476910_And here. We. Go.
8906_8858_1570476878_Wasted
8906_8858_1570476890_Butcher's Blues
8883_8858_1570476919_Me pongo rolex como si fueran Casio.
8883_8858_1570476964_Today is a great day!
8858_8906_1570476940_GC Joker
8858_8906_1570476966_Citizen Erased
8906_8858_1570476925_Do I Wanna Know
8906_8858_1570476937_R U MINE
8906_8858_1570476949_When The Sun Goes Down
8906_8883_1570476959_Electricity
8883_8858_1570477005_Me lo pide sin gorrito.
8858_8906_1570476999_GC Joker
8906_8858_1570476991_Do I Wanna Know
8906_8883_1570477012_Electricity
8906_8883_1570477031_Supersonic
8883_8858_1570477065_I hate threads.
8858_8906_1570477036_Carpeino Diemino
8858_8883_1570477064_And here. We. Go.
8858_8906_1570477089_Tsoker
8906_8858_1570477073_R U MINE
8906_8858_1570477085_Wasted
8883_8906_1570477121_Java is the best programming language
8858_8883_1570477128_Citizen Erased
8858_8906_1570477150_TwoFace
8906_8883_1570477116_Wasted
8906_8858_1570477131_Morning Glory
8906_8883_1570477146_Wasted
8883_8858_1570477154_Me lo pide sin gorrito.
8883_8906_1570477198_Si tu novio te deja sola.
8858_8883_1570477171_Citizen Erased
8858_8906_1570477201_And here. We. Go.
8906_8858_1570477177_Supersonic
8906_8858_1570477192_Wasted
8883_8858_1570477218_Si tu novio te deja sola.
8883_8858_1570477253_Eat clen tren hard test your limits.
8858_8883_1570477226_Chase a bag never chase a woman
8858_8883_1570477247_And here. We. Go.
8906_8858_1570477238_Don't Forget Whose Legs You're On
8906_8883_1570477256_Don't Forget Whose Legs You're On
8883_8906_1570477285_Me pongo rolex como si fueran Casio.
8883_8858_1570477323_Si tu novio te deja sola.
8858_8883_1570477278_Chase a bag never chase a woman
8858_8883_1570477301_GC Joker
8906_8858_1570477286_Do I Wanna Know
8906_8883_1570477307_Butcher's Blues
8906_8858_1570477325_R U MINE
8883_8906_1570477345_Reggaeton is the best musical genre.
8858_8906_1570477339_And here. We. Go.
8858_8883_1570477372_Citizen Erased
8906_8858_1570477352_Morning Glory
8906_8883_1570477371_Don't Forget Whose Legs You're On
8883_8906_1570477396_Me pongo rolex como si fueran Casio.
8883_8906_1570477448_I hate threads.
8858_8906_1570477402_And here. We. Go.
8858_8883_1570477429_Chase a bag never chase a woman
8906_8883_1570477417_Supersonic
8906_8858_1570477433_Butcher's Blues
8906_8883_1570477446_Morning Glory
8883_8906_1570477500_Me pongo rolex como si fueran Casio.
8858_8883_1570477456_And here. We. Go.
8858_8906_1570477488_Chase a bag never chase a woman
8858_8883_1570477509_Hoodoo
8906_8883_1570477487_When The Sun Goes Down
8906_8858_1570477509_Electricity
8883_8906_1570477528_Fancy grabbing a drink later?
8858_8883_1570477533_Reggaeton Ambassador
8858_8906_1570477572_TwoFace
8906_8858_1570477542_When The Sun Goes Down
8906_8858_1570477559_Butcher's Blues
8906_8858_1570477571_Wasted
8883_8858_1570477580_This would be done in half the python code!
8883_8858_1570477606_Today is a great day!
8858_8906_1570477593_And here. We. Go.
8858_8883_1570477625_Chase a bag never chase a woman
8906_8858_1570477612_Morning Glory
8906_8858_1570477624_Electricity
8883_8906_1570477644_Java is the best programming language
8883_8858_1570477669_Me pongo rolex como si fueran Casio.
8858_8906_1570477664_Hoodoo
8906_8883_1570477652_Don't Forget Whose Legs You're On
8906_8858_1570477671_Morning Glory
8906_8883_1570477689_Don't Forget Whose Legs You're On
8883_8906_1570477725_Me pongo rolex como si fueran Casio.
8883_8858_1570477749_Si tu novio te deja sola.
8858_8883_1570477732_And here. We. Go.
8906_8858_1570477734_Supersonic
8906_8858_1570477747_Don't Forget Whose Legs You're On
8883_8858_1570477797_Wanna go to the gym?
8858_8906_1570477769_GC Joker
8858_8883_1570477789_TwoFace
8906_8883_1570477777_Morning Glory
8906_8883_1570477798_Morning Glory
8883_8858_1570477847_Si tu novio te deja sola.
8858_8883_1570477837_Citizen Erased
8883_8906_1570477871_Eat clen tren hard test your limits.
8906_8883_1570477826_Electricity
8906_8858_1570477839_R U MINE
8906_8858_1570477852_Morning Glory
8906_8883_1570477872_Electricity
8883_8858_1570477906_Today is a great day!
8858_8906_1570477907_Reggaeton Ambassador
8906_8883_1570477917_Electricity
8883_8858_1570477941_Me pongo rolex como si fueran Casio.
8883_8858_1570477969_I hate threads.
8858_8883_1570477946_Chase a bag never chase a woman
8858_8883_1570477971_Hey Little Apple Blossom
8906_8883_1570477960_Morning Glory
8906_8883_1570477972_When The Sun Goes Down
8883_8858_1570478002_Java is the best programming language
8858_8906_1570477998_Hoodoo
8858_8883_1570478022_Tsoker
8858_8906_1570478053_Hoodoo
8906_8858_1570478020_Electricity
8906_8883_1570478040_Butcher's Blues
8883_8858_1570478062_Java is the best programming language
8858_8883_1570478090_Stockholm Syndrome
8906_8858_1570478076_Wasted
8906_8883_1570478094_Butcher's Blues
8906_8858_1570478109_Wasted
8883_8906_1570478114_Fancy grabbing a drink later?
8883_8906_1570478136_Si tu novio te deja sola.
8858_8883_1570478126_Tsoker
8858_8883_1570478148_TwoFace
8883_8906_1570478172_Fancy grabbing a drink later?
8906_8883_1570478149_Electricity
8906_8858_1570478163_When The Sun Goes Down
8883_8906_1570478206_Si tu novio te deja sola.
8858_8883_1570478211_Knights of Cydonia
8906_8858_1570478188_Morning Glory
8906_8883_1570478204_Morning Glory
8906_8883_1570478219_Electricity
8883_8858_1570478263_This would be done in half the python code!
8858_8906_1570478243_Chase a bag never chase a woman
8858_8906_1570478276_Hoodoo
8906_8858_1570478257_Electricity
8906_8883_1570478269_Morning Glory
8906_8858_1570478286_R U MINE
8883_8906_1570478322_Me lo pide sin gorrito.
8858_8906_1570478301_Chase a bag never chase a woman
8858_8883_1570478338_Tsoker
8906_8883_1570478313_Morning Glory
8906_8883_1570478332_Don't Forget Whose Legs You're On
8906_8883_1570478345_Butcher's Blues
8883_8858_1570478379_Today is a great day!
8858_8906_1570478366_Tsoker
8858_8883_1570478404_Carpeino Diemino
8906_8883_1570478389_R U MINE
8906_8883_1570478411_Electricity
8883_8858_1570478414_Si tu novio te deja sola.
8883_8858_1570478446_Java is the best programming language
8858_8906_1570478431_TwoFace
8858_8906_1570478463_Knights of Cydonia
8906_8858_1570478455_Wasted
8906_8883_1570478470_Electricity
8883_8858_1570478474_Wanna go to the gym?
8883_8858_1570478504_Reggaeton is the best musical genre.
8883_8858_1570478524_Me pongo rolex como si fueran Casio.
8858_8906_1570478488_Reggaeton Ambassador
8858_8906_1570478526_Knights of Cydonia
8906_8858_1570478494_Morning Glory
8906_8883_1570478516_R U MINE
8883_8858_1570478565_Si tu novio te deja sola.
8858_8883_1570478549_Knights of Cydonia
8858_8883_1570478582_Stockholm Syndrome
8906_8883_1570478552_Don't Forget Whose Legs You're On
8906_8883_1570478563_When The Sun Goes Down
8906_8858_1570478579_Butcher's Blues
8883_8858_1570478607_Today is a great day!
8858_8906_1570478621_Citizen Erased
8858_8883_1570478644_Chase a bag never chase a woman
8906_8883_1570478618_Do I Wanna Know
8906_8858_1570478640_When The Sun Goes Down
8906_8883_1570478651_Do I Wanna Know
8883_8858_1570478664_Reggaeton is the best musical genre.
8883_8858_1570478702_I hate threads.
8858_8906_1570478677_Knights of Cydonia
8858_8883_1570478714_Reggaeton Ambassador
8906_8858_1570478692_When The Sun Goes Down
8906_8883_1570478704_Butcher's Blues
8883_8858_1570478738_Fancy grabbing a drink later?
8858_8906_1570478750_Stockholm Syndrome
8906_8858_1570478747_Do I Wanna Know
8906_8858_1570478767_Wasted
8883_8906_1570478782_Eat clen tren hard test your limits.
8883_8906_1570478809_Compound lifts are better than isolation.
8858_8883_1570478778_Hey Little Apple Blossom
8858_8883_1570478814_Knights of Cydonia
8906_8858_1570478811_Do I Wanna Know
8906_8858_1570478824_When The Sun Goes Down
8883_8906_1570478856_Si tu novio te deja sola.
8883_8858_1570478886_Java is the best programming language
8858_8906_1570478851_Stockholm Syndrome
8858_8906_1570478886_Hoodoo
8906_8883_1570478849_Butcher's Blues
8906_8883_1570478862_When The Sun Goes Down
8906_8858_1570478880_Don't Forget Whose Legs You're On
8906_8858_1570478894_R U MINE
8883_8906_1570478937_I hate threads.
8858_8883_1570478924_TwoFace
8858_8883_1570478947_Carpeino Diemino
8906_8858_1570478917_Electricity
8906_8883_1570478939_R U MINE
8906_8883_1570478949_Don't Forget Whose Legs You're On
8883_8906_1570478973_Si tu novio te deja sola.
8858_8906_1570478984_Carpeino Diemino
8858_8883_1570479012_And here. We. Go.
8906_8858_1570478975_Wasted
8906_8858_1570478988_Don't Forget Whose Legs You're On
8906_8858_1570479002_Do I Wanna Know
8906_8858_1570479014_Wasted
8883_8906_1570479026_Java is the best programming language
8858_8883_1570479037_Citizen Erased
8858_8883_1570479065_Hey Little Apple Blossom
8906_8858_1570479049_Don't Forget Whose Legs You're On
8906_8858_1570479064_Butcher's Blues
8883_8858_1570479076_Compound lifts are better than isolation.
8883_8906_1570479112_I hate threads.
8858_8883_1570479099_Reggaeton Ambassador
8858_8906_1570479124_Tsoker
8906_8883_1570479099_Do I Wanna Know
8906_8858_1570479119_Supersonic
8883_8858_1570479138_Me lo pide sin gorrito.
8883_8858_1570479172_Java is the best programming language
8858_8906_1570479156_GC Joker
8858_8906_1570479181_Chase a bag never chase a woman
8906_8858_1570479148_When The Sun Goes Down
8906_8883_1570479170_Supersonic
8906_8858_1570479189_R U MINE
8883_8906_1570479205_Me lo pide sin gorrito.
8883_8906_1570479239_Java is the best programming language
8858_8906_1570479204_Stockholm Syndrome
8858_8906_1570479240_Carpeino Diemino
8906_8883_1570479218_Do I Wanna Know
8906_8883_1570479236_Electricity
8906_8883_1570479254_Morning Glory
8883_8906_1570479277_Si tu novio te deja sola.
8858_8906_1570479277_Stockholm Syndrome
8858_8883_1570479304_TwoFace
8906_8858_1570479283_R U MINE
8906_8858_1570479303_Do I Wanna Know
8906_8883_1570479315_Wasted
8883_8906_1570479318_Today is a great day!
8883_8906_1570479358_Me lo pide sin gorrito.
8858_8883_1570479326_Citizen Erased
8858_8883_1570479352_Citizen Erased
8906_8858_1570479345_Supersonic
8906_8883_1570479362_Wasted
8883_8906_1570479417_Reggaeton is the best musical genre.
8858_8883_1570479409_Stockholm Syndrome
8906_8858_1570479398_Butcher's Blues
8906_8883_1570479415_Butcher's Blues
8883_8906_1570479443_Today is a great day!
8883_8906_1570479466_Eat clen tren hard test your limits.
8858_8883_1570479441_Citizen Erased
8858_8906_1570479477_Tsoker
8906_8858_1570479446_Don't Forget Whose Legs You're On
8906_8883_1570479457_Don't Forget Whose Legs You're On
8906_8858_1570479469_R U MINE
8906_8883_1570479485_Electricity
8883_8906_1570479511_Si tu novio te deja sola.
8858_8883_1570479504_Reggaeton Ambassador
8858_8883_1570479541_Reggaeton Ambassador
8906_8858_1570479514_When The Sun Goes Down
8906_8883_1570479531_Morning Glory
8906_8858_1570479549_When The Sun Goes Down
8883_8906_1570479564_This would be done in half the python code!
8858_8906_1570479578_Tsoker
8858_8883_1570479614_Citizen Erased
8906_8858_1570479570_Electricity
8906_8883_1570479587_Supersonic
8906_8858_1570479611_Electricity
8883_8858_1570479623_Fancy grabbing a drink later?
8883_8858_1570479661_Wanna go to the gym?
8858_8906_1570479635_Carpeino Diemino
8858_8906_1570479662_Citizen Erased
8906_8858_1570479644_Do I Wanna Know
8906_8883_1570479655_Wasted
8883_8858_1570479700_Me lo pide sin gorrito.
8883_8906_1570479731_Me lo pide sin gorrito.
8858_8883_1570479686_Chase a bag never chase a woman
8858_8906_1570479712_Chase a bag never chase a woman
8906_8858_1570479700_Supersonic
8906_8883_1570479716_Do I Wanna Know
8883_8906_1570479790_Eat clen tren hard test your limits.
8858_8883_1570479771_Hoodoo
8858_8883_1570479795_Knights of Cydonia
8906_8883_1570479748_Do I Wanna Know
8906_8883_1570479763_Butcher's Blues
8906_8858_1570479785_Morning Glory
8883_8906_1570479850_Si tu novio te deja sola.
8858_8883_1570479820_Carpeino Diemino
8858_8906_1570479840_Hey Little Apple Blossom
8906_8883_1570479818_Don't Forget Whose Legs You're On
8906_8858_1570479839_Butcher's Blues
8906_8858_1570479851_Do I Wanna Know
8883_8906_1570479909_Fancy grabbing a drink later?
8858_8906_1570479878_Reggaeton Ambassador
8858_8883_1570479914_Tsoker
8906_8858_1570479888_Butcher's Blues
8906_8883_1570479911_Morning Glory
8883_8858_1570479960_Me lo pide sin gorrito.
8858_8883_1570479948_Reggaeton Ambassador
8906_8883_1570479946_Do I Wanna Know
8906_8858_1570479959_Don't Forget Whose Legs You're On
8906_8858_1570479971_When The Sun Goes Down
8883_8906_1570480019_Compound lifts are better than isolation.
8858_8883_1570479984_Tsoker
8858_8906_1570480013_Stockholm Syndrome
8906_8858_1570480005_R U MINE
8906_8858_1570480028_Wasted
8883_8858_1570480077_Today is a great day!
8858_8906_1570480043_Chase a bag never chase a woman
8858_8883_1570480073_Stockholm Syndrome
8906_8883_1570480068_When The Sun Goes Down
8906_8858_1570480078_Electricity
8883_8906_1570480112_This would be done in half the python code!
8883_8906_1570480151_Reggaeton is the best musical genre.
8858_8906_1570480101_Reggaeton Ambassador
8858_8883_1570480138_Tsoker
8906_8858_1570480116_Wasted
8906_8858_1570480131_R U MINE
8906_8883_1570480148_Electricity
8883_8858_1570480205_Java is the best programming language
8858_8883_1570480161_GC Joker
8858_8883_1570480198_Reggaeton Ambassador
8906_8858_1570480186_Wasted
8906_8883_1570480210_Supersonic
8883_8858_1570480262_Wanna go to the gym?
8858_8906_1570480222_Hey Little Apple Blossom
8858_8883_1570480251_Hoodoo
8906_8883_1570480238_When The Sun Goes Down
8906_8883_1570480249_When The Sun Goes Down
8906_8858_1570480261_Butcher's Blues
8906_8883_1570480275_Butcher's Blues
8883_8906_1570480295_Fancy grabbing a drink later?
8858_8906_1570480289_TwoFace
8858_8883_1570480310_Citizen Erased
8906_8883_1570480305_When The Sun Goes Down
8906_8858_1570480322_R U MINE
8906_8858_1570480333_R U MINE
8883_8906_1570480338_Compound lifts are better than isolation.
8883_8906_1570480379_Me pongo rolex como si fueran Casio.
8858_8906_1570480348_GC Joker
8858_8906_1570480384_Knights of Cydonia
8906_8858_1570480362_Supersonic
8906_8883_1570480373_Butcher's Blues
8906_8858_1570480391_Wasted
8883_8906_1570480434_Compound lifts are better than isolation.
8858_8906_1570480405_Chase a bag never chase a woman
8858_8883_1570480437_Hoodoo
8906_8858_1570480430_Electricity
8906_8883_1570480442_Wasted
8883_8906_1570480458_Fancy grabbing a drink later?
8883_8906_1570480491_Compound lifts are better than isolation.
8858_8883_1570480470_Knights of Cydonia
8858_8906_1570480496_Stockholm Syndrome
8906_8883_1570480479_Morning Glory
8906_8858_1570480499_Butcher's Blues
8906_8858_1570480514_Wasted
8883_8858_1570480551_Me lo pide sin gorrito.
8858_8906_1570480523_Stockholm Syndrome
8858_8883_1570480548_Reggaeton Ambassador
8858_8906_1570480572_Hoodoo
8906_8883_1570480534_Don't Forget Whose Legs You're On
8906_8858_1570480556_When The Sun Goes Down
8883_8906_1570480589_Today is a great day!
8883_8858_1570480611_Java is the best programming language
8858_8906_1570480608_Reggaeton Ambassador
8858_8883_1570480628_Hoodoo
8906_8858_1570480592_Electricity
8906_8883_1570480607_Morning Glory
8906_8858_1570480622_When The Sun Goes Down
8883_8858_1570480644_Reggaeton is the best musical genre.
8858_8906_1570480648_Hoodoo
8858_8883_1570480672_Hey Little Apple Blossom
8906_8858_1570480655_Do I Wanna Know
8906_8858_1570480666_Supersonic
8906_8883_1570480685_Butcher's Blues
8883_8906_1570480697_Me lo pide sin gorrito.
8858_8883_1570480700_Hey Little Apple Blossom
8858_8883_1570480726_Tsoker
8883_8858_1570480756_Fancy grabbing a drink later?
8906_8883_1570480724_Morning Glory
8906_8858_1570480742_Morning Glory
8883_8906_1570480809_Eat clen tren hard test your limits.
8858_8906_1570480763_And here. We. Go.
8858_8883_1570480796_Carpeino Diemino
8906_8858_1570480780_Supersonic
8906_8883_1570480802_Wasted
8906_8858_1570480812_When The Sun Goes Down
8883_8858_1570480850_I hate threads.
8858_8883_1570480826_And here. We. Go.
8858_8883_1570480859_Citizen Erased
8906_8858_1570480855_Do I Wanna Know
8906_8858_1570480867_Don't Forget Whose Legs You're On
8883_8906_1570480878_This would be done in half the python code!
8883_8906_1570480916_Me lo pide sin gorrito.
8858_8883_1570480890_Reggaeton Ambassador
8858_8883_1570480911_Citizen Erased
8858_8906_1570480937_Tsoker
8906_8858_1570480902_Butcher's Blues
8906_8858_1570480926_Wasted
8883_8906_1570480941_Java is the best programming language
8883_8858_1570480969_Fancy grabbing a drink later?
8883_8858_1570480993_Wanna go to the gym?
8858_8906_1570480973_Tsoker
8906_8883_1570480959_Supersonic
8906_8858_1570480973_Morning Glory
8906_8883_1570480987_Do I Wanna Know
8883_8906_1570481028_Wanna go to the gym?
8858_8906_1570481004_Carpeino Diemino
8858_8883_1570481041_Reggaeton Ambassador
8906_8883_1570481021_Supersonic
8906_8883_1570481044_Don't Forget Whose Legs You're On
8883_8906_1570481060_Me pongo rolex como si fueran Casio.
8883_8858_1570481114_Eat clen tren hard test your limits.
8858_8906_1570481061_Tsoker
8858_8906_1570481099_Stockholm Syndrome
8906_8883_1570481088_Wasted
8906_8858_1570481107_When The Sun Goes Down
8883_8906_1570481136_Si tu novio te deja sola.
8858_8883_1570481122_Chase a bag never chase a woman
8858_8883_1570481158_GC Joker
8906_8883_1570481146_Supersonic
8906_8883_1570481163_Butcher's Blues
8883_8858_1570481189_Wanna go to the gym?
8883_8906_1570481211_Fancy grabbing a drink later?
8858_8906_1570481193_Tsoker
8858_8906_1570481228_Hoodoo
8906_8858_1570481196_Morning Glory
8906_8883_1570481216_Do I Wanna Know
8906_8858_1570481237_Butcher's Blues
8883_8858_1570481255_Java is the best programming language
8883_8858_1570481295_This would be done in half the python code!
8858_8883_1570481260_Knights of Cydonia
8858_8883_1570481296_Chase a bag never chase a woman
8906_8858_1570481269_Do I Wanna Know
8906_8883_1570481285_Do I Wanna Know
8883_8906_1570481320_Today is a great day!
8906_8858_1570481312_Do I Wanna Know
8906_8883_1570481336_Morning Glory
8906_8858_1570481355_Butcher's Blues
8858_8883_1570481316_Knights of Cydonia
8858_8883_1570481340_Carpeino Diemino
8883_8906_1570481380_Me pongo rolex como si fueran Casio.
8906_8858_1570481374_Don't Forget Whose Legs You're On
8906_8858_1570481386_R U MINE
8906_8858_1570481402_Butcher's Blues
8906_8858_1570481415_Do I Wanna Know
8858_8906_1570481365_Hoodoo
8858_8883_1570481402_Hey Little Apple Blossom
8883_8906_1570481439_Eat clen tren hard test your limits.
8906_8858_1570481435_Don't Forget Whose Legs You're On
8906_8883_1570481446_Wasted
8906_8858_1570481460_Don't Forget Whose Legs You're On
8906_8858_1570481473_Morning Glory
8858_8906_1570481454_Stockholm Syndrome
8858_8883_1570481476_Hoodoo
8883_8906_1570481496_Me lo pide sin gorrito.
8883_8858_1570481526_Me pongo rolex como si fueran Casio.
8906_8883_1570481494_Wasted
8906_8858_1570481507_When The Sun Goes Down
8906_8858_1570481529_Morning Glory
8858_8906_1570481508_Tsoker
8883_8858_1570481566_Si tu novio te deja sola.
8906_8858_1570481541_Supersonic
8906_8858_1570481551_Morning Glory
8906_8858_1570481573_R U MINE
8906_8883_1570481587_Wasted
8858_8906_1570481569_GC Joker
8858_8883_1570481592_Stockholm Syndrome
8883_8906_1570481598_I hate threads.
8883_8858_1570481636_Me pongo rolex como si fueran Casio.
8906_8883_1570481607_R U MINE
8906_8858_1570481619_Electricity
8906_8883_1570481638_Electricity
8883_8906_1570481659_Si tu novio te deja sola.
8883_8858_1570481703_Today is a great day!
8906_8883_1570481679_Electricity
8906_8883_1570481695_Morning Glory
8906_8883_1570481712_Don't Forget Whose Legs You're On
8906_8883_1570481735_Wasted
8883_8858_1570481762_Wanna go to the gym?
8906_8883_1570481769_R U MINE
8906_8858_1570481792_Supersonic
8883_8906_1570481808_Fancy grabbing a drink later?
8883_8858_1570481856_Reggaeton is the best musical genre.
8906_8858_1570481817_Supersonic
8906_8883_1570481833_Butcher's Blues
8906_8883_1570481849_Butcher's Blues
8906_8883_1570481861_Butcher's Blues
8883_8858_1570481897_Eat clen tren hard test your limits.
8906_8858_1570481897_Supersonic
8906_8883_1570481919_When The Sun Goes Down
8883_8858_1570481953_This would be done in half the python code!
8906_8883_1570481956_Don't Forget Whose Legs You're On
8906_8883_1570481979_Do I Wanna Know
8883_8858_1570482009_Wanna go to the gym?
8883_8858_1570482037_Java is the best programming language
8906_8858_1570482003_Morning Glory
8906_8858_1570482023_Electricity
8906_8883_1570482047_Electricity
8906_8858_1570481661_Electricity
8906_8858_1570481757_Supersonic
8906_8883_1570481807_Supersonic
8906_8858_1570481882_Butcher's Blues
8906_8883_1570481935_Morning Glory
8906_8858_1570481991_Supersonic
8883_8906_1570482079_This would be done in half the python code!
8883_8858_1570482099_This would be done in half the python code!
8906_8883_1570482059_Electricity
8906_8883_1570482070_Morning Glory
8906_8883_1570482081_Electricity
8906_8883_1570482099_R U MINE
8858_8883_1570482089_Hoodoo
8858_8906_1570482110_Hoodoo
8883_8858_1570482125_Fancy grabbing a drink later?
8883_8858_1570482147_Me pongo rolex como si fueran Casio.
8906_8858_1570482119_R U MINE
8906_8858_1570482131_Butcher's Blues
8906_8858_1570482142_When The Sun Goes Down
8906_8858_1570482161_Morning Glory
8858_8883_1570482148_Stockholm Syndrome
8883_8906_1570482206_Wanna go to the gym?
8883_8858_1570482228_Me pongo rolex como si fueran Casio.
8906_8883_1570482185_Don't Forget Whose Legs You're On
8906_8883_1570482196_Electricity
8906_8883_1570482211_When The Sun Goes Down
8906_8858_1570482227_Supersonic
8858_8906_1570482184_Knights of Cydonia
8858_8883_1570482220_Hoodoo
8883_8906_1570482277_Me lo pide sin gorrito.
8906_8858_1570482237_Supersonic
8906_8883_1570482259_When The Sun Goes Down
8906_8883_1570482279_When The Sun Goes Down
8858_8883_1570482242_Knights of Cydonia
8858_8906_1570482263_Stockholm Syndrome
8858_8883_1570482292_TwoFace
8883_8858_1570482304_Java is the best programming language
8883_8858_1570482341_This would be done in half the python code!
8906_8883_1570482302_Do I Wanna Know
8906_8858_1570482326_Do I Wanna Know
8906_8883_1570482347_Wasted
8858_8883_1570482357_TwoFace