54
44
59
54
34
26
38
33
36
38
50
56
50
30
34
24
57
20
34
28
56
41
47
25
51
23
49
37
49
45
27
33
50
33
60
21
51
44
54
21
41
25
50
25
45
41
60
56
33
44
20
35
32
38
22
51
52
52
28
52
26
38
25
56
24
48
50
24
35
35
28
33
60
52
22
36
34
57
59
57
35
32
28
30
20
41
42
57
38
36
44
27
47
30
51
36
53
50
36
26
34
33
34
38
41
40
59
26
23
45
53
59
38
39
31
59
60
59
51
59
58
35
39
54
57
33
43
41
55
24
33
60
38
22
33
53
59
53
41
28
38
25
28
24
35
32
54
22
53
22
44
40
25
60
59
57
30
40
32
38
23
44
59
46
48
41
56
56
28
42
20
26
22
59
22
49
27
37
40
